INFO  2019-06-08 21:06:04,126 CGI * CCGIEntry.cpp:243 Start_Debug66306630 args.file=../dat/cgiinput.conf.xml
INFO  2019-06-08 21:06:04,126 CGI * CCGIEntry.cpp:244 Start_Debug66306630 args.request=
INFO  2019-06-08 21:06:04,126 CGI * CCGIEntry.cpp:245 Start_Debug66306630 args.service=../cnf/MyCGI.conf.index.xml
INFO  2019-06-08 21:06:04,126 CGI * CCGIEntry.cpp:247 Start_Debug66306630 args.debug=on
INFO  2019-06-08 21:08:12,010 CGI * CCGIEntry.cpp:243 Start_Debug67356735 args.file=../dat/cgiinput.conf.xml
INFO  2019-06-08 21:08:12,010 CGI * CCGIEntry.cpp:244 Start_Debug67356735 args.request=bpml_test
INFO  2019-06-08 21:08:12,011 CGI * CCGIEntry.cpp:245 Start_Debug67356735 args.service=../cnf/MyCGI.conf.index.xml
INFO  2019-06-08 21:08:12,011 CGI * CCGIEntry.cpp:247 Start_Debug67356735 args.debug=on
INFO  2019-06-08 21:08:12,011 CGI * CDebugCgiIO.cpp:58 CDebugCgiIO67356735 m_mEnv.HTTP_COOKIE  = a=111; c=d; 
INFO  2019-06-08 21:08:12,011 CGI * CDebugCgiIO.cpp:114 CDebugCgiIO67356735 POST : 
method=test&test=3306&tid=mybpml&
INFO  2019-06-08 21:08:12,011 CGI * CCGIEntry.cpp:272 GetInput67356735 method : test
INFO  2019-06-08 21:08:12,012 CGI * CCGIEntry.cpp:272 GetInput67356735 test : 3306
INFO  2019-06-08 21:08:12,012 CGI * CCGIEntry.cpp:272 GetInput67356735 tid : mybpml
INFO  2019-06-08 21:08:12,012 CGI * CCGIEntry.cpp:300 GetInput67356735 env.AUTH_TYPE : 
INFO  2019-06-08 21:08:12,012 CGI * CCGIEntry.cpp:300 GetInput67356735 env.CONTENT_LENGTH : 33
INFO  2019-06-08 21:08:12,012 CGI * CCGIEntry.cpp:300 GetInput67356735 env.CONTENT_TYPE : 
INFO  2019-06-08 21:08:12,012 CGI * CCGIEntry.cpp:300 GetInput67356735 env.GATEWAY_INTERFACE : 
INFO  2019-06-08 21:08:12,012 CGI * CCGIEntry.cpp:300 GetInput67356735 env.HTTPS : 
INFO  2019-06-08 21:08:12,012 CGI * CCGIEntry.cpp:300 GetInput67356735 env.HTTP_ACCEPT : 
INFO  2019-06-08 21:08:12,012 CGI * CCGIEntry.cpp:300 GetInput67356735 env.HTTP_ACCEPT_LANGUAGE : 
INFO  2019-06-08 21:08:12,012 CGI * CCGIEntry.cpp:300 GetInput67356735 env.HTTP_COOKIE : a=111; c=d; 
INFO  2019-06-08 21:08:12,012 CGI * CCGIEntry.cpp:300 GetInput67356735 env.HTTP_REFERER : 
INFO  2019-06-08 21:08:12,012 CGI * CCGIEntry.cpp:300 GetInput67356735 env.HTTP_USER_AGENT : 
INFO  2019-06-08 21:08:12,012 CGI * CCGIEntry.cpp:300 GetInput67356735 env.PATH_INFO : 
INFO  2019-06-08 21:08:12,012 CGI * CCGIEntry.cpp:300 GetInput67356735 env.PATH_TRANSLATED : 
INFO  2019-06-08 21:08:12,012 CGI * CCGIEntry.cpp:300 GetInput67356735 env.QUERY_STRING : 
INFO  2019-06-08 21:08:12,012 CGI * CCGIEntry.cpp:300 GetInput67356735 env.REDIRECT_REQUEST : 
INFO  2019-06-08 21:08:12,012 CGI * CCGIEntry.cpp:300 GetInput67356735 env.REDIRECT_STATUS : 
INFO  2019-06-08 21:08:12,012 CGI * CCGIEntry.cpp:300 GetInput67356735 env.REDIRECT_URL : 
INFO  2019-06-08 21:08:12,012 CGI * CCGIEntry.cpp:300 GetInput67356735 env.REMOTE_ADDR : 
INFO  2019-06-08 21:08:12,012 CGI * CCGIEntry.cpp:300 GetInput67356735 env.REMOTE_HOST : 
INFO  2019-06-08 21:08:12,012 CGI * CCGIEntry.cpp:300 GetInput67356735 env.REMOTE_IDENT : 
INFO  2019-06-08 21:08:12,012 CGI * CCGIEntry.cpp:300 GetInput67356735 env.REMOTE_USER : 
INFO  2019-06-08 21:08:12,012 CGI * CCGIEntry.cpp:300 GetInput67356735 env.REQUEST_METHOD : post
INFO  2019-06-08 21:08:12,012 CGI * CCGIEntry.cpp:300 GetInput67356735 env.SCRIPT_NAME : 
INFO  2019-06-08 21:08:12,012 CGI * CCGIEntry.cpp:300 GetInput67356735 env.SERVER_NAME : 
INFO  2019-06-08 21:08:12,012 CGI * CCGIEntry.cpp:300 GetInput67356735 env.SERVER_PORT : 
INFO  2019-06-08 21:08:12,012 CGI * CCGIEntry.cpp:300 GetInput67356735 env.SERVER_PROTOCOL : 
INFO  2019-06-08 21:08:12,012 CGI * CCGIEntry.cpp:300 GetInput67356735 env.SERVER_SOFTWARE : 
INFO  2019-06-08 21:08:12,013 CGI * CCGIEntry.cpp:309 GetInput67356735 _RAW_POST_DATA : method=test&test=3306&tid=mybpml&
INFO  2019-06-08 21:08:12,013 CGI * CCGIEntry.cpp:320 GetInput67356735 cookie :a = 111
INFO  2019-06-08 21:08:12,013 CGI * CCGIEntry.cpp:320 GetInput67356735 cookie :c = d
INFO  2019-06-08 21:08:12,013 CGI * CCGIEntry.cpp:407 CheckFormat67356735 Notice : [1] Err in MyConfig::CConfigEntry::GetElement test   
INFO  2019-06-08 21:08:12,014 CGI * CCGIEntry.cpp:672 DoTranslate67356735 Notice : [1] Err in MyConfig::CConfigEntry::GetElement test   
INFO  2019-06-08 21:08:12,014 CGI * CCGIEntry.cpp:816 ValidOutput67356735 retcode : 1
INFO  2019-06-08 21:08:12,014 CGI * CCGIEntry.cpp:816 ValidOutput67356735 retmsg : 1
INFO  2019-06-08 21:08:20,716 CGI * CCGIEntry.cpp:243 Start_Debug67446744 args.file=../dat/cgiinput.conf.xml
INFO  2019-06-08 21:08:20,717 CGI * CCGIEntry.cpp:244 Start_Debug67446744 args.request=bpml_test
INFO  2019-06-08 21:08:20,717 CGI * CCGIEntry.cpp:245 Start_Debug67446744 args.service=../cnf/MyCGI.conf.index.xml
INFO  2019-06-08 21:08:20,717 CGI * CCGIEntry.cpp:247 Start_Debug67446744 args.debug=on
INFO  2019-06-08 21:08:20,717 CGI * CDebugCgiIO.cpp:58 CDebugCgiIO67446744 m_mEnv.HTTP_COOKIE  = a=111; c=d; 
INFO  2019-06-08 21:08:20,717 CGI * CDebugCgiIO.cpp:114 CDebugCgiIO67446744 POST : 
method=test&test=3306&tid=mybpml&
INFO  2019-06-08 21:08:20,718 CGI * CCGIEntry.cpp:272 GetInput67446744 method : test
INFO  2019-06-08 21:08:20,718 CGI * CCGIEntry.cpp:272 GetInput67446744 test : 3306
INFO  2019-06-08 21:08:20,718 CGI * CCGIEntry.cpp:272 GetInput67446744 tid : mybpml
INFO  2019-06-08 21:08:20,718 CGI * CCGIEntry.cpp:300 GetInput67446744 env.AUTH_TYPE : 
INFO  2019-06-08 21:08:20,718 CGI * CCGIEntry.cpp:300 GetInput67446744 env.CONTENT_LENGTH : 33
INFO  2019-06-08 21:08:20,718 CGI * CCGIEntry.cpp:300 GetInput67446744 env.CONTENT_TYPE : 
INFO  2019-06-08 21:08:20,718 CGI * CCGIEntry.cpp:300 GetInput67446744 env.GATEWAY_INTERFACE : 
INFO  2019-06-08 21:08:20,718 CGI * CCGIEntry.cpp:300 GetInput67446744 env.HTTPS : 
INFO  2019-06-08 21:08:20,718 CGI * CCGIEntry.cpp:300 GetInput67446744 env.HTTP_ACCEPT : 
INFO  2019-06-08 21:08:20,718 CGI * CCGIEntry.cpp:300 GetInput67446744 env.HTTP_ACCEPT_LANGUAGE : 
INFO  2019-06-08 21:08:20,718 CGI * CCGIEntry.cpp:300 GetInput67446744 env.HTTP_COOKIE : a=111; c=d; 
INFO  2019-06-08 21:08:20,718 CGI * CCGIEntry.cpp:300 GetInput67446744 env.HTTP_REFERER : 
INFO  2019-06-08 21:08:20,718 CGI * CCGIEntry.cpp:300 GetInput67446744 env.HTTP_USER_AGENT : 
INFO  2019-06-08 21:08:20,718 CGI * CCGIEntry.cpp:300 GetInput67446744 env.PATH_INFO : 
INFO  2019-06-08 21:08:20,718 CGI * CCGIEntry.cpp:300 GetInput67446744 env.PATH_TRANSLATED : 
INFO  2019-06-08 21:08:20,718 CGI * CCGIEntry.cpp:300 GetInput67446744 env.QUERY_STRING : 
INFO  2019-06-08 21:08:20,718 CGI * CCGIEntry.cpp:300 GetInput67446744 env.REDIRECT_REQUEST : 
INFO  2019-06-08 21:08:20,718 CGI * CCGIEntry.cpp:300 GetInput67446744 env.REDIRECT_STATUS : 
INFO  2019-06-08 21:08:20,718 CGI * CCGIEntry.cpp:300 GetInput67446744 env.REDIRECT_URL : 
INFO  2019-06-08 21:08:20,718 CGI * CCGIEntry.cpp:300 GetInput67446744 env.REMOTE_ADDR : 
INFO  2019-06-08 21:08:20,718 CGI * CCGIEntry.cpp:300 GetInput67446744 env.REMOTE_HOST : 
INFO  2019-06-08 21:08:20,718 CGI * CCGIEntry.cpp:300 GetInput67446744 env.REMOTE_IDENT : 
INFO  2019-06-08 21:08:20,718 CGI * CCGIEntry.cpp:300 GetInput67446744 env.REMOTE_USER : 
INFO  2019-06-08 21:08:20,718 CGI * CCGIEntry.cpp:300 GetInput67446744 env.REQUEST_METHOD : post
INFO  2019-06-08 21:08:20,718 CGI * CCGIEntry.cpp:300 GetInput67446744 env.SCRIPT_NAME : 
INFO  2019-06-08 21:08:20,719 CGI * CCGIEntry.cpp:300 GetInput67446744 env.SERVER_NAME : 
INFO  2019-06-08 21:08:20,719 CGI * CCGIEntry.cpp:300 GetInput67446744 env.SERVER_PORT : 
INFO  2019-06-08 21:08:20,719 CGI * CCGIEntry.cpp:300 GetInput67446744 env.SERVER_PROTOCOL : 
INFO  2019-06-08 21:08:20,719 CGI * CCGIEntry.cpp:300 GetInput67446744 env.SERVER_SOFTWARE : 
INFO  2019-06-08 21:08:20,719 CGI * CCGIEntry.cpp:309 GetInput67446744 _RAW_POST_DATA : method=test&test=3306&tid=mybpml&
INFO  2019-06-08 21:08:20,719 CGI * CCGIEntry.cpp:320 GetInput67446744 cookie :a = 111
INFO  2019-06-08 21:08:20,719 CGI * CCGIEntry.cpp:320 GetInput67446744 cookie :c = d
INFO  2019-06-08 21:08:20,719 CGI * CCGIEntry.cpp:407 CheckFormat67446744 Notice : [1] Err in MyConfig::CConfigEntry::GetElement test   
INFO  2019-06-08 21:08:20,720 CGI * CCGIEntry.cpp:672 DoTranslate67446744 Notice : [1] Err in MyConfig::CConfigEntry::GetElement test   
INFO  2019-06-08 21:08:20,720 CGI * CCGIEntry.cpp:816 ValidOutput67446744 retcode : 1
INFO  2019-06-08 21:08:20,720 CGI * CCGIEntry.cpp:816 ValidOutput67446744 retmsg : 1
INFO  2019-06-08 21:08:22,291 CGI * CCGIEntry.cpp:243 Start_Debug67476747 args.file=../dat/cgiinput.conf.xml
INFO  2019-06-08 21:08:22,291 CGI * CCGIEntry.cpp:244 Start_Debug67476747 args.request=bpml_test
INFO  2019-06-08 21:08:22,291 CGI * CCGIEntry.cpp:245 Start_Debug67476747 args.service=../cnf/MyCGI.conf.index.xml
INFO  2019-06-08 21:08:22,292 CGI * CCGIEntry.cpp:247 Start_Debug67476747 args.debug=on
INFO  2019-06-08 21:08:22,292 CGI * CDebugCgiIO.cpp:58 CDebugCgiIO67476747 m_mEnv.HTTP_COOKIE  = a=111; c=d; 
INFO  2019-06-08 21:08:22,292 CGI * CDebugCgiIO.cpp:114 CDebugCgiIO67476747 POST : 
method=test&test=3306&tid=mybpml&
INFO  2019-06-08 21:08:22,292 CGI * CCGIEntry.cpp:272 GetInput67476747 method : test
INFO  2019-06-08 21:08:22,293 CGI * CCGIEntry.cpp:272 GetInput67476747 test : 3306
INFO  2019-06-08 21:08:22,293 CGI * CCGIEntry.cpp:272 GetInput67476747 tid : mybpml
INFO  2019-06-08 21:08:22,293 CGI * CCGIEntry.cpp:300 GetInput67476747 env.AUTH_TYPE : 
INFO  2019-06-08 21:08:22,293 CGI * CCGIEntry.cpp:300 GetInput67476747 env.CONTENT_LENGTH : 33
INFO  2019-06-08 21:08:22,293 CGI * CCGIEntry.cpp:300 GetInput67476747 env.CONTENT_TYPE : 
INFO  2019-06-08 21:08:22,293 CGI * CCGIEntry.cpp:300 GetInput67476747 env.GATEWAY_INTERFACE : 
INFO  2019-06-08 21:08:22,293 CGI * CCGIEntry.cpp:300 GetInput67476747 env.HTTPS : 
INFO  2019-06-08 21:08:22,293 CGI * CCGIEntry.cpp:300 GetInput67476747 env.HTTP_ACCEPT : 
INFO  2019-06-08 21:08:22,293 CGI * CCGIEntry.cpp:300 GetInput67476747 env.HTTP_ACCEPT_LANGUAGE : 
INFO  2019-06-08 21:08:22,293 CGI * CCGIEntry.cpp:300 GetInput67476747 env.HTTP_COOKIE : a=111; c=d; 
INFO  2019-06-08 21:08:22,293 CGI * CCGIEntry.cpp:300 GetInput67476747 env.HTTP_REFERER : 
INFO  2019-06-08 21:08:22,293 CGI * CCGIEntry.cpp:300 GetInput67476747 env.HTTP_USER_AGENT : 
INFO  2019-06-08 21:08:22,293 CGI * CCGIEntry.cpp:300 GetInput67476747 env.PATH_INFO : 
INFO  2019-06-08 21:08:22,293 CGI * CCGIEntry.cpp:300 GetInput67476747 env.PATH_TRANSLATED : 
INFO  2019-06-08 21:08:22,293 CGI * CCGIEntry.cpp:300 GetInput67476747 env.QUERY_STRING : 
INFO  2019-06-08 21:08:22,293 CGI * CCGIEntry.cpp:300 GetInput67476747 env.REDIRECT_REQUEST : 
INFO  2019-06-08 21:08:22,293 CGI * CCGIEntry.cpp:300 GetInput67476747 env.REDIRECT_STATUS : 
INFO  2019-06-08 21:08:22,293 CGI * CCGIEntry.cpp:300 GetInput67476747 env.REDIRECT_URL : 
INFO  2019-06-08 21:08:22,293 CGI * CCGIEntry.cpp:300 GetInput67476747 env.REMOTE_ADDR : 
INFO  2019-06-08 21:08:22,293 CGI * CCGIEntry.cpp:300 GetInput67476747 env.REMOTE_HOST : 
INFO  2019-06-08 21:08:22,293 CGI * CCGIEntry.cpp:300 GetInput67476747 env.REMOTE_IDENT : 
INFO  2019-06-08 21:08:22,293 CGI * CCGIEntry.cpp:300 GetInput67476747 env.REMOTE_USER : 
INFO  2019-06-08 21:08:22,293 CGI * CCGIEntry.cpp:300 GetInput67476747 env.REQUEST_METHOD : post
INFO  2019-06-08 21:08:22,293 CGI * CCGIEntry.cpp:300 GetInput67476747 env.SCRIPT_NAME : 
INFO  2019-06-08 21:08:22,293 CGI * CCGIEntry.cpp:300 GetInput67476747 env.SERVER_NAME : 
INFO  2019-06-08 21:08:22,293 CGI * CCGIEntry.cpp:300 GetInput67476747 env.SERVER_PORT : 
INFO  2019-06-08 21:08:22,293 CGI * CCGIEntry.cpp:300 GetInput67476747 env.SERVER_PROTOCOL : 
INFO  2019-06-08 21:08:22,293 CGI * CCGIEntry.cpp:300 GetInput67476747 env.SERVER_SOFTWARE : 
INFO  2019-06-08 21:08:22,294 CGI * CCGIEntry.cpp:309 GetInput67476747 _RAW_POST_DATA : method=test&test=3306&tid=mybpml&
INFO  2019-06-08 21:08:22,294 CGI * CCGIEntry.cpp:320 GetInput67476747 cookie :a = 111
INFO  2019-06-08 21:08:22,294 CGI * CCGIEntry.cpp:320 GetInput67476747 cookie :c = d
INFO  2019-06-08 21:08:22,294 CGI * CCGIEntry.cpp:407 CheckFormat67476747 Notice : [1] Err in MyConfig::CConfigEntry::GetElement test   
INFO  2019-06-08 21:08:22,295 CGI * CCGIEntry.cpp:672 DoTranslate67476747 Notice : [1] Err in MyConfig::CConfigEntry::GetElement test   
INFO  2019-06-08 21:08:22,295 CGI * CCGIEntry.cpp:816 ValidOutput67476747 retcode : 1
INFO  2019-06-08 21:08:22,295 CGI * CCGIEntry.cpp:816 ValidOutput67476747 retmsg : 1
INFO  2019-06-08 21:08:25,193 CGI * CCGIEntry.cpp:243 Start_Debug67516751 args.file=../dat/cgiinput.conf.xml
INFO  2019-06-08 21:08:25,193 CGI * CCGIEntry.cpp:244 Start_Debug67516751 args.request=bpml_test
INFO  2019-06-08 21:08:25,193 CGI * CCGIEntry.cpp:245 Start_Debug67516751 args.service=../cnf/MyCGI.conf.index.xml
INFO  2019-06-08 21:08:25,193 CGI * CCGIEntry.cpp:247 Start_Debug67516751 args.debug=on
INFO  2019-06-08 21:08:25,194 CGI * CDebugCgiIO.cpp:58 CDebugCgiIO67516751 m_mEnv.HTTP_COOKIE  = a=111; c=d; 
INFO  2019-06-08 21:08:25,194 CGI * CDebugCgiIO.cpp:114 CDebugCgiIO67516751 POST : 
method=test&test=3306&tid=mybpml&
INFO  2019-06-08 21:08:25,194 CGI * CCGIEntry.cpp:272 GetInput67516751 method : test
INFO  2019-06-08 21:08:25,194 CGI * CCGIEntry.cpp:272 GetInput67516751 test : 3306
INFO  2019-06-08 21:08:25,194 CGI * CCGIEntry.cpp:272 GetInput67516751 tid : mybpml
INFO  2019-06-08 21:08:25,194 CGI * CCGIEntry.cpp:300 GetInput67516751 env.AUTH_TYPE : 
INFO  2019-06-08 21:08:25,194 CGI * CCGIEntry.cpp:300 GetInput67516751 env.CONTENT_LENGTH : 33
INFO  2019-06-08 21:08:25,194 CGI * CCGIEntry.cpp:300 GetInput67516751 env.CONTENT_TYPE : 
INFO  2019-06-08 21:08:25,194 CGI * CCGIEntry.cpp:300 GetInput67516751 env.GATEWAY_INTERFACE : 
INFO  2019-06-08 21:08:25,194 CGI * CCGIEntry.cpp:300 GetInput67516751 env.HTTPS : 
INFO  2019-06-08 21:08:25,194 CGI * CCGIEntry.cpp:300 GetInput67516751 env.HTTP_ACCEPT : 
INFO  2019-06-08 21:08:25,194 CGI * CCGIEntry.cpp:300 GetInput67516751 env.HTTP_ACCEPT_LANGUAGE : 
INFO  2019-06-08 21:08:25,194 CGI * CCGIEntry.cpp:300 GetInput67516751 env.HTTP_COOKIE : a=111; c=d; 
INFO  2019-06-08 21:08:25,194 CGI * CCGIEntry.cpp:300 GetInput67516751 env.HTTP_REFERER : 
INFO  2019-06-08 21:08:25,194 CGI * CCGIEntry.cpp:300 GetInput67516751 env.HTTP_USER_AGENT : 
INFO  2019-06-08 21:08:25,194 CGI * CCGIEntry.cpp:300 GetInput67516751 env.PATH_INFO : 
INFO  2019-06-08 21:08:25,194 CGI * CCGIEntry.cpp:300 GetInput67516751 env.PATH_TRANSLATED : 
INFO  2019-06-08 21:08:25,194 CGI * CCGIEntry.cpp:300 GetInput67516751 env.QUERY_STRING : 
INFO  2019-06-08 21:08:25,194 CGI * CCGIEntry.cpp:300 GetInput67516751 env.REDIRECT_REQUEST : 
INFO  2019-06-08 21:08:25,195 CGI * CCGIEntry.cpp:300 GetInput67516751 env.REDIRECT_STATUS : 
INFO  2019-06-08 21:08:25,195 CGI * CCGIEntry.cpp:300 GetInput67516751 env.REDIRECT_URL : 
INFO  2019-06-08 21:08:25,195 CGI * CCGIEntry.cpp:300 GetInput67516751 env.REMOTE_ADDR : 
INFO  2019-06-08 21:08:25,195 CGI * CCGIEntry.cpp:300 GetInput67516751 env.REMOTE_HOST : 
INFO  2019-06-08 21:08:25,195 CGI * CCGIEntry.cpp:300 GetInput67516751 env.REMOTE_IDENT : 
INFO  2019-06-08 21:08:25,195 CGI * CCGIEntry.cpp:300 GetInput67516751 env.REMOTE_USER : 
INFO  2019-06-08 21:08:25,195 CGI * CCGIEntry.cpp:300 GetInput67516751 env.REQUEST_METHOD : post
INFO  2019-06-08 21:08:25,195 CGI * CCGIEntry.cpp:300 GetInput67516751 env.SCRIPT_NAME : 
INFO  2019-06-08 21:08:25,195 CGI * CCGIEntry.cpp:300 GetInput67516751 env.SERVER_NAME : 
INFO  2019-06-08 21:08:25,195 CGI * CCGIEntry.cpp:300 GetInput67516751 env.SERVER_PORT : 
INFO  2019-06-08 21:08:25,195 CGI * CCGIEntry.cpp:300 GetInput67516751 env.SERVER_PROTOCOL : 
INFO  2019-06-08 21:08:25,195 CGI * CCGIEntry.cpp:300 GetInput67516751 env.SERVER_SOFTWARE : 
INFO  2019-06-08 21:08:25,195 CGI * CCGIEntry.cpp:309 GetInput67516751 _RAW_POST_DATA : method=test&test=3306&tid=mybpml&
INFO  2019-06-08 21:08:25,195 CGI * CCGIEntry.cpp:320 GetInput67516751 cookie :a = 111
INFO  2019-06-08 21:08:25,195 CGI * CCGIEntry.cpp:320 GetInput67516751 cookie :c = d
INFO  2019-06-08 21:08:25,196 CGI * CCGIEntry.cpp:407 CheckFormat67516751 Notice : [1] Err in MyConfig::CConfigEntry::GetElement test   
INFO  2019-06-08 21:08:25,196 CGI * CCGIEntry.cpp:672 DoTranslate67516751 Notice : [1] Err in MyConfig::CConfigEntry::GetElement test   
INFO  2019-06-08 21:08:25,196 CGI * CCGIEntry.cpp:816 ValidOutput67516751 retcode : 1
INFO  2019-06-08 21:08:25,197 CGI * CCGIEntry.cpp:816 ValidOutput67516751 retmsg : 1
INFO  2019-06-08 21:08:47,876 CGI * CCGIEntry.cpp:243 Start_Debug67726772 args.file=../dat/cgiinput.conf.xml
INFO  2019-06-08 21:08:47,876 CGI * CCGIEntry.cpp:244 Start_Debug67726772 args.request=login
INFO  2019-06-08 21:08:47,876 CGI * CCGIEntry.cpp:245 Start_Debug67726772 args.service=../cnf/MyCGI.conf.index.xml
INFO  2019-06-08 21:08:47,876 CGI * CCGIEntry.cpp:247 Start_Debug67726772 args.debug=on
INFO  2019-06-08 21:08:55,166 CGI * CCGIEntry.cpp:243 Start_Debug67806780 args.file=../dat/cgiinput.conf.xml
INFO  2019-06-08 21:08:55,166 CGI * CCGIEntry.cpp:244 Start_Debug67806780 args.request=mysql_test
INFO  2019-06-08 21:08:55,166 CGI * CCGIEntry.cpp:245 Start_Debug67806780 args.service=../cnf/MyCGI.conf.index.xml
INFO  2019-06-08 21:08:55,166 CGI * CCGIEntry.cpp:247 Start_Debug67806780 args.debug=on
INFO  2019-06-08 21:08:55,167 CGI * CDebugCgiIO.cpp:58 CDebugCgiIO67806780 m_mEnv.HTTP_COOKIE  = a=111; c=d; 
INFO  2019-06-08 21:08:55,167 CGI * CDebugCgiIO.cpp:166 CDebugCgiIO67806780 POST_MULTIPART : 
-------------------------------AB-263780496CD
Content-Disposition: form-data; name="file"; filename="1.txt"
Content-Type: application/octet-stream 


-------------------------------AB-263780496CD
Content-Disposition: form-data; name="method"

test
-------------------------------AB-263780496CD
Content-Disposition: form-data; name="tid"

mysql
-------------------------------AB-263780496CD
Content-Disposition: form-data; name="uid"

1
-------------------------------AB-263780496CD--

INFO  2019-06-08 21:08:55,168 CGI * CCGIEntry.cpp:272 GetInput67806780 method : test
INFO  2019-06-08 21:08:55,168 CGI * CCGIEntry.cpp:272 GetInput67806780 tid : mysql
INFO  2019-06-08 21:08:55,168 CGI * CCGIEntry.cpp:272 GetInput67806780 uid : 1
INFO  2019-06-08 21:08:55,168 CGI * CCGIEntry.cpp:283 GetInput67806780 id:file file:1.txt type:application/octet-stream  length:0
INFO  2019-06-08 21:08:55,168 CGI * CCGIEntry.cpp:300 GetInput67806780 env.AUTH_TYPE : 
INFO  2019-06-08 21:08:55,168 CGI * CCGIEntry.cpp:300 GetInput67806780 env.CONTENT_LENGTH : 502
INFO  2019-06-08 21:08:55,168 CGI * CCGIEntry.cpp:300 GetInput67806780 env.CONTENT_TYPE : multipart/form-data; boundary=-----------------------------AB-263780496CD
INFO  2019-06-08 21:08:55,168 CGI * CCGIEntry.cpp:300 GetInput67806780 env.GATEWAY_INTERFACE : 
INFO  2019-06-08 21:08:55,168 CGI * CCGIEntry.cpp:300 GetInput67806780 env.HTTPS : 
INFO  2019-06-08 21:08:55,168 CGI * CCGIEntry.cpp:300 GetInput67806780 env.HTTP_ACCEPT : 
INFO  2019-06-08 21:08:55,168 CGI * CCGIEntry.cpp:300 GetInput67806780 env.HTTP_ACCEPT_LANGUAGE : 
INFO  2019-06-08 21:08:55,168 CGI * CCGIEntry.cpp:300 GetInput67806780 env.HTTP_COOKIE : a=111; c=d; 
INFO  2019-06-08 21:08:55,168 CGI * CCGIEntry.cpp:300 GetInput67806780 env.HTTP_REFERER : 
INFO  2019-06-08 21:08:55,168 CGI * CCGIEntry.cpp:300 GetInput67806780 env.HTTP_USER_AGENT : 
INFO  2019-06-08 21:08:55,168 CGI * CCGIEntry.cpp:300 GetInput67806780 env.PATH_INFO : 
INFO  2019-06-08 21:08:55,168 CGI * CCGIEntry.cpp:300 GetInput67806780 env.PATH_TRANSLATED : 
INFO  2019-06-08 21:08:55,168 CGI * CCGIEntry.cpp:300 GetInput67806780 env.QUERY_STRING : 
INFO  2019-06-08 21:08:55,168 CGI * CCGIEntry.cpp:300 GetInput67806780 env.REDIRECT_REQUEST : 
INFO  2019-06-08 21:08:55,168 CGI * CCGIEntry.cpp:300 GetInput67806780 env.REDIRECT_STATUS : 
INFO  2019-06-08 21:08:55,168 CGI * CCGIEntry.cpp:300 GetInput67806780 env.REDIRECT_URL : 
INFO  2019-06-08 21:08:55,168 CGI * CCGIEntry.cpp:300 GetInput67806780 env.REMOTE_ADDR : 
INFO  2019-06-08 21:08:55,168 CGI * CCGIEntry.cpp:300 GetInput67806780 env.REMOTE_HOST : 
INFO  2019-06-08 21:08:55,168 CGI * CCGIEntry.cpp:300 GetInput67806780 env.REMOTE_IDENT : 
INFO  2019-06-08 21:08:55,168 CGI * CCGIEntry.cpp:300 GetInput67806780 env.REMOTE_USER : 
INFO  2019-06-08 21:08:55,168 CGI * CCGIEntry.cpp:300 GetInput67806780 env.REQUEST_METHOD : post
INFO  2019-06-08 21:08:55,168 CGI * CCGIEntry.cpp:300 GetInput67806780 env.SCRIPT_NAME : 
INFO  2019-06-08 21:08:55,169 CGI * CCGIEntry.cpp:300 GetInput67806780 env.SERVER_NAME : 
INFO  2019-06-08 21:08:55,169 CGI * CCGIEntry.cpp:300 GetInput67806780 env.SERVER_PORT : 
INFO  2019-06-08 21:08:55,169 CGI * CCGIEntry.cpp:300 GetInput67806780 env.SERVER_PROTOCOL : 
INFO  2019-06-08 21:08:55,169 CGI * CCGIEntry.cpp:300 GetInput67806780 env.SERVER_SOFTWARE : 
INFO  2019-06-08 21:08:55,169 CGI * CCGIEntry.cpp:309 GetInput67806780 _RAW_POST_DATA : -------------------------------AB-263780496CD
Content-Disposition: form-data; name="file"; filename="1.txt"
Content-Type: application/octet-stream 


-------------------------------AB-263780496CD
Content-Disposition: form-data; name="method"

test
-------------------------------AB-263780496CD
Content-Disposition: form-data; name="tid"

mysql
-------------------------------AB-263780496CD
Content-Disposition: form-data; name="uid"

1
-------------------------------AB-263780496CD--

INFO  2019-06-08 21:08:55,169 CGI * CCGIEntry.cpp:320 GetInput67806780 cookie :a = 111
INFO  2019-06-08 21:08:55,169 CGI * CCGIEntry.cpp:320 GetInput67806780 cookie :c = d
INFO  2019-06-08 21:08:55,169 CGI * CCGIEntry.cpp:407 CheckFormat67806780 Notice : [1] Err in MyConfig::CConfigEntry::GetElement file   
INFO  2019-06-08 21:08:55,170 CGI * CCGIEntry.cpp:407 CheckFormat67806780 Notice : [1] Err in MyConfig::CConfigEntry::GetElement uid   
INFO  2019-06-08 21:08:55,170 CGI * CCGIEntry.cpp:672 DoTranslate67806780 Notice : [1] Err in MyConfig::CConfigEntry::GetElement file   
INFO  2019-06-08 21:08:55,170 CGI * CCGIEntry.cpp:672 DoTranslate67806780 Notice : [1] Err in MyConfig::CConfigEntry::GetElement uid   
INFO  2019-06-08 21:09:17,781 CGI * CCGIEntry.cpp:243 Start_Debug68006800 args.file=../dat/cgiinput.conf.xml
INFO  2019-06-08 21:09:17,781 CGI * CCGIEntry.cpp:244 Start_Debug68006800 args.request=bpml_test
INFO  2019-06-08 21:09:17,781 CGI * CCGIEntry.cpp:245 Start_Debug68006800 args.service=../cnf/MyCGI.conf.index.xml
INFO  2019-06-08 21:09:17,781 CGI * CCGIEntry.cpp:247 Start_Debug68006800 args.debug=on
INFO  2019-06-08 21:09:17,781 CGI * CDebugCgiIO.cpp:58 CDebugCgiIO68006800 m_mEnv.HTTP_COOKIE  = a=111; c=d; 
INFO  2019-06-08 21:09:17,782 CGI * CDebugCgiIO.cpp:114 CDebugCgiIO68006800 POST : 
method=test&test=3306&tid=mybpml&
INFO  2019-06-08 21:09:17,782 CGI * CCGIEntry.cpp:272 GetInput68006800 method : test
INFO  2019-06-08 21:09:17,782 CGI * CCGIEntry.cpp:272 GetInput68006800 test : 3306
INFO  2019-06-08 21:09:17,782 CGI * CCGIEntry.cpp:272 GetInput68006800 tid : mybpml
INFO  2019-06-08 21:09:17,782 CGI * CCGIEntry.cpp:300 GetInput68006800 env.AUTH_TYPE : 
INFO  2019-06-08 21:09:17,782 CGI * CCGIEntry.cpp:300 GetInput68006800 env.CONTENT_LENGTH : 33
INFO  2019-06-08 21:09:17,782 CGI * CCGIEntry.cpp:300 GetInput68006800 env.CONTENT_TYPE : 
INFO  2019-06-08 21:09:17,782 CGI * CCGIEntry.cpp:300 GetInput68006800 env.GATEWAY_INTERFACE : 
INFO  2019-06-08 21:09:17,782 CGI * CCGIEntry.cpp:300 GetInput68006800 env.HTTPS : 
INFO  2019-06-08 21:09:17,782 CGI * CCGIEntry.cpp:300 GetInput68006800 env.HTTP_ACCEPT : 
INFO  2019-06-08 21:09:17,782 CGI * CCGIEntry.cpp:300 GetInput68006800 env.HTTP_ACCEPT_LANGUAGE : 
INFO  2019-06-08 21:09:17,782 CGI * CCGIEntry.cpp:300 GetInput68006800 env.HTTP_COOKIE : a=111; c=d; 
INFO  2019-06-08 21:09:17,782 CGI * CCGIEntry.cpp:300 GetInput68006800 env.HTTP_REFERER : 
INFO  2019-06-08 21:09:17,782 CGI * CCGIEntry.cpp:300 GetInput68006800 env.HTTP_USER_AGENT : 
INFO  2019-06-08 21:09:17,782 CGI * CCGIEntry.cpp:300 GetInput68006800 env.PATH_INFO : 
INFO  2019-06-08 21:09:17,782 CGI * CCGIEntry.cpp:300 GetInput68006800 env.PATH_TRANSLATED : 
INFO  2019-06-08 21:09:17,782 CGI * CCGIEntry.cpp:300 GetInput68006800 env.QUERY_STRING : 
INFO  2019-06-08 21:09:17,782 CGI * CCGIEntry.cpp:300 GetInput68006800 env.REDIRECT_REQUEST : 
INFO  2019-06-08 21:09:17,782 CGI * CCGIEntry.cpp:300 GetInput68006800 env.REDIRECT_STATUS : 
INFO  2019-06-08 21:09:17,782 CGI * CCGIEntry.cpp:300 GetInput68006800 env.REDIRECT_URL : 
INFO  2019-06-08 21:09:17,782 CGI * CCGIEntry.cpp:300 GetInput68006800 env.REMOTE_ADDR : 
INFO  2019-06-08 21:09:17,782 CGI * CCGIEntry.cpp:300 GetInput68006800 env.REMOTE_HOST : 
INFO  2019-06-08 21:09:17,782 CGI * CCGIEntry.cpp:300 GetInput68006800 env.REMOTE_IDENT : 
INFO  2019-06-08 21:09:17,783 CGI * CCGIEntry.cpp:300 GetInput68006800 env.REMOTE_USER : 
INFO  2019-06-08 21:09:17,783 CGI * CCGIEntry.cpp:300 GetInput68006800 env.REQUEST_METHOD : post
INFO  2019-06-08 21:09:17,783 CGI * CCGIEntry.cpp:300 GetInput68006800 env.SCRIPT_NAME : 
INFO  2019-06-08 21:09:17,783 CGI * CCGIEntry.cpp:300 GetInput68006800 env.SERVER_NAME : 
INFO  2019-06-08 21:09:17,783 CGI * CCGIEntry.cpp:300 GetInput68006800 env.SERVER_PORT : 
INFO  2019-06-08 21:09:17,783 CGI * CCGIEntry.cpp:300 GetInput68006800 env.SERVER_PROTOCOL : 
INFO  2019-06-08 21:09:17,783 CGI * CCGIEntry.cpp:300 GetInput68006800 env.SERVER_SOFTWARE : 
INFO  2019-06-08 21:09:17,783 CGI * CCGIEntry.cpp:309 GetInput68006800 _RAW_POST_DATA : method=test&test=3306&tid=mybpml&
INFO  2019-06-08 21:09:17,783 CGI * CCGIEntry.cpp:320 GetInput68006800 cookie :a = 111
INFO  2019-06-08 21:09:17,783 CGI * CCGIEntry.cpp:320 GetInput68006800 cookie :c = d
INFO  2019-06-08 21:09:17,784 CGI * CCGIEntry.cpp:407 CheckFormat68006800 Notice : [1] Err in MyConfig::CConfigEntry::GetElement test   
INFO  2019-06-08 21:09:17,784 CGI * CCGIEntry.cpp:672 DoTranslate68006800 Notice : [1] Err in MyConfig::CConfigEntry::GetElement test   
INFO  2019-06-08 21:09:17,784 CGI * CCGIEntry.cpp:816 ValidOutput68006800 retcode : 1
INFO  2019-06-08 21:09:17,784 CGI * CCGIEntry.cpp:816 ValidOutput68006800 retmsg : 1
INFO  2019-06-08 21:09:37,731 CGI * CCGIEntry.cpp:243 Start_Debug68196819 args.file=../dat/cgiinput.conf.xml
INFO  2019-06-08 21:09:37,731 CGI * CCGIEntry.cpp:244 Start_Debug68196819 args.request=
INFO  2019-06-08 21:09:37,731 CGI * CCGIEntry.cpp:245 Start_Debug68196819 args.service=../cnf/MyCGI.conf.index.xml
INFO  2019-06-08 21:09:37,731 CGI * CCGIEntry.cpp:247 Start_Debug68196819 args.debug=on
INFO  2019-06-08 21:09:48,560 CGI * CCGIEntry.cpp:243 Start_Debug68306830 args.file=../dat/cgiinput.conf.xml
INFO  2019-06-08 21:09:48,560 CGI * CCGIEntry.cpp:244 Start_Debug68306830 args.request=defalt
INFO  2019-06-08 21:09:48,560 CGI * CCGIEntry.cpp:245 Start_Debug68306830 args.service=../cnf/MyCGI.conf.index.xml
INFO  2019-06-08 21:09:48,560 CGI * CCGIEntry.cpp:247 Start_Debug68306830 args.debug=on
INFO  2019-06-08 21:09:51,847 CGI * CCGIEntry.cpp:243 Start_Debug68356835 args.file=../dat/cgiinput.conf.xml
INFO  2019-06-08 21:09:51,847 CGI * CCGIEntry.cpp:244 Start_Debug68356835 args.request=default
INFO  2019-06-08 21:09:51,847 CGI * CCGIEntry.cpp:245 Start_Debug68356835 args.service=../cnf/MyCGI.conf.index.xml
INFO  2019-06-08 21:09:51,847 CGI * CCGIEntry.cpp:247 Start_Debug68356835 args.debug=on
INFO  2019-06-08 21:09:51,848 CGI * CDebugCgiIO.cpp:58 CDebugCgiIO68356835 m_mEnv.HTTP_COOKIE  = a=111; c=d; 
INFO  2019-06-08 21:09:51,848 CGI * CDebugCgiIO.cpp:90 CDebugCgiIO68356835 QUERY_STRING : test=3306&
INFO  2019-06-08 21:09:51,848 CGI * CCGIEntry.cpp:272 GetInput68356835 test : 3306
INFO  2019-06-08 21:09:51,848 CGI * CCGIEntry.cpp:300 GetInput68356835 env.AUTH_TYPE : 
INFO  2019-06-08 21:09:51,848 CGI * CCGIEntry.cpp:300 GetInput68356835 env.CONTENT_LENGTH : 0
INFO  2019-06-08 21:09:51,848 CGI * CCGIEntry.cpp:300 GetInput68356835 env.CONTENT_TYPE : 
INFO  2019-06-08 21:09:51,848 CGI * CCGIEntry.cpp:300 GetInput68356835 env.GATEWAY_INTERFACE : 
INFO  2019-06-08 21:09:51,848 CGI * CCGIEntry.cpp:300 GetInput68356835 env.HTTPS : 
INFO  2019-06-08 21:09:51,848 CGI * CCGIEntry.cpp:300 GetInput68356835 env.HTTP_ACCEPT : 
INFO  2019-06-08 21:09:51,848 CGI * CCGIEntry.cpp:300 GetInput68356835 env.HTTP_ACCEPT_LANGUAGE : 
INFO  2019-06-08 21:09:51,848 CGI * CCGIEntry.cpp:300 GetInput68356835 env.HTTP_COOKIE : a=111; c=d; 
INFO  2019-06-08 21:09:51,849 CGI * CCGIEntry.cpp:300 GetInput68356835 env.HTTP_REFERER : 
INFO  2019-06-08 21:09:51,849 CGI * CCGIEntry.cpp:300 GetInput68356835 env.HTTP_USER_AGENT : 
INFO  2019-06-08 21:09:51,849 CGI * CCGIEntry.cpp:300 GetInput68356835 env.PATH_INFO : 
INFO  2019-06-08 21:09:51,849 CGI * CCGIEntry.cpp:300 GetInput68356835 env.PATH_TRANSLATED : 
INFO  2019-06-08 21:09:51,849 CGI * CCGIEntry.cpp:300 GetInput68356835 env.QUERY_STRING : test=3306&
INFO  2019-06-08 21:09:51,849 CGI * CCGIEntry.cpp:300 GetInput68356835 env.REDIRECT_REQUEST : 
INFO  2019-06-08 21:09:51,849 CGI * CCGIEntry.cpp:300 GetInput68356835 env.REDIRECT_STATUS : 
INFO  2019-06-08 21:09:51,849 CGI * CCGIEntry.cpp:300 GetInput68356835 env.REDIRECT_URL : 
INFO  2019-06-08 21:09:51,849 CGI * CCGIEntry.cpp:300 GetInput68356835 env.REMOTE_ADDR : 
INFO  2019-06-08 21:09:51,849 CGI * CCGIEntry.cpp:300 GetInput68356835 env.REMOTE_HOST : 
INFO  2019-06-08 21:09:51,849 CGI * CCGIEntry.cpp:300 GetInput68356835 env.REMOTE_IDENT : 
INFO  2019-06-08 21:09:51,849 CGI * CCGIEntry.cpp:300 GetInput68356835 env.REMOTE_USER : 
INFO  2019-06-08 21:09:51,849 CGI * CCGIEntry.cpp:300 GetInput68356835 env.REQUEST_METHOD : 
INFO  2019-06-08 21:09:51,849 CGI * CCGIEntry.cpp:300 GetInput68356835 env.SCRIPT_NAME : 
INFO  2019-06-08 21:09:51,849 CGI * CCGIEntry.cpp:300 GetInput68356835 env.SERVER_NAME : 
INFO  2019-06-08 21:09:51,849 CGI * CCGIEntry.cpp:300 GetInput68356835 env.SERVER_PORT : 
INFO  2019-06-08 21:09:51,849 CGI * CCGIEntry.cpp:300 GetInput68356835 env.SERVER_PROTOCOL : 
INFO  2019-06-08 21:09:51,849 CGI * CCGIEntry.cpp:300 GetInput68356835 env.SERVER_SOFTWARE : 
INFO  2019-06-08 21:09:51,849 CGI * CCGIEntry.cpp:320 GetInput68356835 cookie :a = 111
INFO  2019-06-08 21:09:51,849 CGI * CCGIEntry.cpp:320 GetInput68356835 cookie :c = d
INFO  2019-06-08 21:10:10,687 CGI * CCGIEntry.cpp:243 Start_Debug68586858 args.file=../dat/cgiinput.conf.xml
INFO  2019-06-08 21:10:10,687 CGI * CCGIEntry.cpp:244 Start_Debug68586858 args.request=bpml_test
INFO  2019-06-08 21:10:10,687 CGI * CCGIEntry.cpp:245 Start_Debug68586858 args.service=../cnf/MyCGI.conf.index.xml
INFO  2019-06-08 21:10:10,687 CGI * CCGIEntry.cpp:247 Start_Debug68586858 args.debug=on
INFO  2019-06-08 21:10:10,687 CGI * CDebugCgiIO.cpp:58 CDebugCgiIO68586858 m_mEnv.HTTP_COOKIE  = a=111; c=d; 
INFO  2019-06-08 21:10:10,688 CGI * CDebugCgiIO.cpp:114 CDebugCgiIO68586858 POST : 
method=test&test=3306&tid=mybpml&
INFO  2019-06-08 21:10:10,688 CGI * CCGIEntry.cpp:272 GetInput68586858 method : test
INFO  2019-06-08 21:10:10,688 CGI * CCGIEntry.cpp:272 GetInput68586858 test : 3306
INFO  2019-06-08 21:10:10,688 CGI * CCGIEntry.cpp:272 GetInput68586858 tid : mybpml
INFO  2019-06-08 21:10:10,688 CGI * CCGIEntry.cpp:300 GetInput68586858 env.AUTH_TYPE : 
INFO  2019-06-08 21:10:10,688 CGI * CCGIEntry.cpp:300 GetInput68586858 env.CONTENT_LENGTH : 33
INFO  2019-06-08 21:10:10,688 CGI * CCGIEntry.cpp:300 GetInput68586858 env.CONTENT_TYPE : 
INFO  2019-06-08 21:10:10,688 CGI * CCGIEntry.cpp:300 GetInput68586858 env.GATEWAY_INTERFACE : 
INFO  2019-06-08 21:10:10,688 CGI * CCGIEntry.cpp:300 GetInput68586858 env.HTTPS : 
INFO  2019-06-08 21:10:10,688 CGI * CCGIEntry.cpp:300 GetInput68586858 env.HTTP_ACCEPT : 
INFO  2019-06-08 21:10:10,688 CGI * CCGIEntry.cpp:300 GetInput68586858 env.HTTP_ACCEPT_LANGUAGE : 
INFO  2019-06-08 21:10:10,688 CGI * CCGIEntry.cpp:300 GetInput68586858 env.HTTP_COOKIE : a=111; c=d; 
INFO  2019-06-08 21:10:10,688 CGI * CCGIEntry.cpp:300 GetInput68586858 env.HTTP_REFERER : 
INFO  2019-06-08 21:10:10,688 CGI * CCGIEntry.cpp:300 GetInput68586858 env.HTTP_USER_AGENT : 
INFO  2019-06-08 21:10:10,688 CGI * CCGIEntry.cpp:300 GetInput68586858 env.PATH_INFO : 
INFO  2019-06-08 21:10:10,689 CGI * CCGIEntry.cpp:300 GetInput68586858 env.PATH_TRANSLATED : 
INFO  2019-06-08 21:10:10,689 CGI * CCGIEntry.cpp:300 GetInput68586858 env.QUERY_STRING : 
INFO  2019-06-08 21:10:10,689 CGI * CCGIEntry.cpp:300 GetInput68586858 env.REDIRECT_REQUEST : 
INFO  2019-06-08 21:10:10,689 CGI * CCGIEntry.cpp:300 GetInput68586858 env.REDIRECT_STATUS : 
INFO  2019-06-08 21:10:10,689 CGI * CCGIEntry.cpp:300 GetInput68586858 env.REDIRECT_URL : 
INFO  2019-06-08 21:10:10,689 CGI * CCGIEntry.cpp:300 GetInput68586858 env.REMOTE_ADDR : 
INFO  2019-06-08 21:10:10,689 CGI * CCGIEntry.cpp:300 GetInput68586858 env.REMOTE_HOST : 
INFO  2019-06-08 21:10:10,689 CGI * CCGIEntry.cpp:300 GetInput68586858 env.REMOTE_IDENT : 
INFO  2019-06-08 21:10:10,689 CGI * CCGIEntry.cpp:300 GetInput68586858 env.REMOTE_USER : 
INFO  2019-06-08 21:10:10,689 CGI * CCGIEntry.cpp:300 GetInput68586858 env.REQUEST_METHOD : post
INFO  2019-06-08 21:10:10,689 CGI * CCGIEntry.cpp:300 GetInput68586858 env.SCRIPT_NAME : 
INFO  2019-06-08 21:10:10,689 CGI * CCGIEntry.cpp:300 GetInput68586858 env.SERVER_NAME : 
INFO  2019-06-08 21:10:10,689 CGI * CCGIEntry.cpp:300 GetInput68586858 env.SERVER_PORT : 
INFO  2019-06-08 21:10:10,689 CGI * CCGIEntry.cpp:300 GetInput68586858 env.SERVER_PROTOCOL : 
INFO  2019-06-08 21:10:10,689 CGI * CCGIEntry.cpp:300 GetInput68586858 env.SERVER_SOFTWARE : 
INFO  2019-06-08 21:10:10,689 CGI * CCGIEntry.cpp:309 GetInput68586858 _RAW_POST_DATA : method=test&test=3306&tid=mybpml&
INFO  2019-06-08 21:10:10,689 CGI * CCGIEntry.cpp:320 GetInput68586858 cookie :a = 111
INFO  2019-06-08 21:10:10,689 CGI * CCGIEntry.cpp:320 GetInput68586858 cookie :c = d
INFO  2019-06-08 21:10:10,690 CGI * CCGIEntry.cpp:407 CheckFormat68586858 Notice : [1] Err in MyConfig::CConfigEntry::GetElement test   
INFO  2019-06-08 21:10:10,691 CGI * CCGIEntry.cpp:672 DoTranslate68586858 Notice : [1] Err in MyConfig::CConfigEntry::GetElement test   
INFO  2019-06-08 21:10:10,691 CGI * CCGIEntry.cpp:816 ValidOutput68586858 retcode : 1
INFO  2019-06-08 21:10:10,691 CGI * CCGIEntry.cpp:816 ValidOutput68586858 retmsg : 1
INFO  2019-06-09 07:32:08,987 CGI * CCGIEntry.cpp:272 GetInput1614516145 tid : vcdimg
INFO  2019-06-09 07:32:08,987 CGI * CCGIEntry.cpp:272 GetInput1614516145 rnd : 1
INFO  2019-06-09 07:32:08,987 CGI * CCGIEntry.cpp:300 GetInput1614516145 env.AUTH_TYPE : 
INFO  2019-06-09 07:32:08,987 CGI * CCGIEntry.cpp:300 GetInput1614516145 env.CONTENT_LENGTH : 
INFO  2019-06-09 07:32:08,987 CGI * CCGIEntry.cpp:300 GetInput1614516145 env.CONTENT_TYPE : 
INFO  2019-06-09 07:32:08,987 CGI * CCGIEntry.cpp:300 GetInput1614516145 env.DOCUMENT_ROOT : /etc/nginx/html
INFO  2019-06-09 07:32:08,987 CGI * CCGIEntry.cpp:300 GetInput1614516145 env.DOCUMENT_URI : /cgi/ugw
INFO  2019-06-09 07:32:08,987 CGI * CCGIEntry.cpp:300 GetInput1614516145 env.FCGI_ROLE : RESPONDER
INFO  2019-06-09 07:32:08,988 CGI * CCGIEntry.cpp:300 GetInput1614516145 env.GATEWAY_INTERFACE : CGI/1.1
INFO  2019-06-09 07:32:08,988 CGI * CCGIEntry.cpp:300 GetInput1614516145 env.HTTPS : 
INFO  2019-06-09 07:32:08,988 CGI * CCGIEntry.cpp:300 GetInput1614516145 env.HTTP_ACCEPT : image/webp,image/apng,image/*,*/*;q=0.8
INFO  2019-06-09 07:32:08,988 CGI * CCGIEntry.cpp:300 GetInput1614516145 env.HTTP_ACCEPT_ENCODING : gzip, deflate
INFO  2019-06-09 07:32:08,988 CGI * CCGIEntry.cpp:300 GetInput1614516145 env.HTTP_ACCEPT_LANGUAGE : zh-CN,zh;q=0.9
INFO  2019-06-09 07:32:08,988 CGI * CCGIEntry.cpp:300 GetInput1614516145 env.HTTP_CONNECTION : keep-alive
INFO  2019-06-09 07:32:08,988 CGI * CCGIEntry.cpp:300 GetInput1614516145 env.HTTP_COOKIE : 
INFO  2019-06-09 07:32:08,988 CGI * CCGIEntry.cpp:300 GetInput1614516145 env.HTTP_HOST : www.wucar.com.cn
INFO  2019-06-09 07:32:08,988 CGI * CCGIEntry.cpp:300 GetInput1614516145 env.HTTP_REFERER : http://www.wucar.com.cn/profile.html
INFO  2019-06-09 07:32:08,988 CGI * CCGIEntry.cpp:300 GetInput1614516145 env.HTTP_USER_AGENT : Mozilla/5.0 (Windows NT 10.0; Win64; x64) AppleWebKit/537.36 (KHTML, like Gecko) Chrome/74.0.3729.131 Safari/537.36
INFO  2019-06-09 07:32:08,988 CGI * CCGIEntry.cpp:300 GetInput1614516145 env.PATH_INFO : 
INFO  2019-06-09 07:32:08,988 CGI * CCGIEntry.cpp:300 GetInput1614516145 env.PATH_TRANSLATED : 
INFO  2019-06-09 07:32:08,988 CGI * CCGIEntry.cpp:300 GetInput1614516145 env.QUERY_STRING : tid=vcdimg&rnd=1
INFO  2019-06-09 07:32:08,988 CGI * CCGIEntry.cpp:300 GetInput1614516145 env.REDIRECT_REQUEST : 
INFO  2019-06-09 07:32:08,988 CGI * CCGIEntry.cpp:300 GetInput1614516145 env.REDIRECT_STATUS : 200
INFO  2019-06-09 07:32:08,988 CGI * CCGIEntry.cpp:300 GetInput1614516145 env.REDIRECT_URL : 
INFO  2019-06-09 07:32:08,988 CGI * CCGIEntry.cpp:300 GetInput1614516145 env.REMOTE_ADDR : 223.74.148.240
INFO  2019-06-09 07:32:08,988 CGI * CCGIEntry.cpp:300 GetInput1614516145 env.REMOTE_HOST : 
INFO  2019-06-09 07:32:08,988 CGI * CCGIEntry.cpp:300 GetInput1614516145 env.REMOTE_IDENT : 
INFO  2019-06-09 07:32:08,988 CGI * CCGIEntry.cpp:300 GetInput1614516145 env.REMOTE_PORT : 41926
INFO  2019-06-09 07:32:08,988 CGI * CCGIEntry.cpp:300 GetInput1614516145 env.REMOTE_USER : 
INFO  2019-06-09 07:32:08,988 CGI * CCGIEntry.cpp:300 GetInput1614516145 env.REQUEST_METHOD : GET
INFO  2019-06-09 07:32:08,988 CGI * CCGIEntry.cpp:300 GetInput1614516145 env.REQUEST_SCHEME : http
INFO  2019-06-09 07:32:08,988 CGI * CCGIEntry.cpp:300 GetInput1614516145 env.REQUEST_URI : /cgi/ugw?tid=vcdimg&rnd=1
INFO  2019-06-09 07:32:08,988 CGI * CCGIEntry.cpp:300 GetInput1614516145 env.SCRIPT_FILENAME : /etc/nginx/html/cgi/ugw
INFO  2019-06-09 07:32:08,988 CGI * CCGIEntry.cpp:300 GetInput1614516145 env.SCRIPT_NAME : /cgi/ugw
INFO  2019-06-09 07:32:08,988 CGI * CCGIEntry.cpp:300 GetInput1614516145 env.SERVER_ADDR : 192.168.32.2
INFO  2019-06-09 07:32:08,989 CGI * CCGIEntry.cpp:300 GetInput1614516145 env.SERVER_NAME : www.wucar.com.cn
INFO  2019-06-09 07:32:08,989 CGI * CCGIEntry.cpp:300 GetInput1614516145 env.SERVER_PORT : 80
INFO  2019-06-09 07:32:08,989 CGI * CCGIEntry.cpp:300 GetInput1614516145 env.SERVER_PROTOCOL : HTTP/1.1
INFO  2019-06-09 07:32:08,989 CGI * CCGIEntry.cpp:300 GetInput1614516145 env.SERVER_SOFTWARE : nginx/1.17.0
INFO  2019-06-09 07:32:08,989 CGI * CCGIEntry.cpp:407 CheckFormat1614516145 Notice : [1] Err in MyConfig::CConfigEntry::GetElement rnd   
INFO  2019-06-09 07:32:08,990 CGI * CCGIEntry.cpp:672 DoTranslate1614516145 Notice : [1] Err in MyConfig::CConfigEntry::GetElement rnd   
INFO  2019-06-09 07:32:08,991 CGI * CCGIEntry.cpp:816 ValidOutput1614516145 retcode : 1
INFO  2019-06-09 07:32:08,991 CGI * CCGIEntry.cpp:816 ValidOutput1614516145 retmsg : 1
INFO  2019-06-09 07:32:08,991 CGI * CCGIEntry.cpp:816 ValidOutput1614516145 vcdimg : 1
INFO  2019-06-09 07:32:08,991 CGI * CCGIEntry.cpp:835 ValidOutput1614516145 Notice : [1] Err in MyConfig::CConfigEntry::GetElement vcdimg   
INFO  2019-06-09 07:32:08,991 CGI * CCGIEntry.cpp:816 ValidOutput1614516145 vcdmd5 : 1
INFO  2019-06-09 07:32:08,991 CGI * CCGIEntry.cpp:835 ValidOutput1614516145 Notice : [1] Err in MyConfig::CConfigEntry::GetElement vcdmd5   
INFO  2019-06-09 07:32:08,991 CGI * CCGIEntry.cpp:948 TranslateOutput1614516145 Notice : [1] Err in MyConfig::CConfigEntry::GetElement vcdimg   
INFO  2019-06-09 07:32:08,991 CGI * CCGIEntry.cpp:948 TranslateOutput1614516145 Notice : [1] Err in MyConfig::CConfigEntry::GetElement vcdmd5   
INFO  2019-06-09 07:32:09,198 CGI * CCGIEntry.cpp:272 GetInput1614416144 tid : mysql
INFO  2019-06-09 07:32:09,198 CGI * CCGIEntry.cpp:272 GetInput1614416144 method : udisp
INFO  2019-06-09 07:32:09,198 CGI * CCGIEntry.cpp:300 GetInput1614416144 env.AUTH_TYPE : 
INFO  2019-06-09 07:32:09,199 CGI * CCGIEntry.cpp:300 GetInput1614416144 env.CONTENT_LENGTH : 22
INFO  2019-06-09 07:32:09,199 CGI * CCGIEntry.cpp:300 GetInput1614416144 env.CONTENT_TYPE : application/x-www-form-urlencoded; charset=UTF-8
INFO  2019-06-09 07:32:09,199 CGI * CCGIEntry.cpp:300 GetInput1614416144 env.DOCUMENT_ROOT : /etc/nginx/html
INFO  2019-06-09 07:32:09,199 CGI * CCGIEntry.cpp:300 GetInput1614416144 env.DOCUMENT_URI : /cgi/ugw
INFO  2019-06-09 07:32:09,199 CGI * CCGIEntry.cpp:300 GetInput1614416144 env.FCGI_ROLE : RESPONDER
INFO  2019-06-09 07:32:09,199 CGI * CCGIEntry.cpp:300 GetInput1614416144 env.GATEWAY_INTERFACE : CGI/1.1
INFO  2019-06-09 07:32:09,199 CGI * CCGIEntry.cpp:300 GetInput1614416144 env.HTTPS : 
INFO  2019-06-09 07:32:09,199 CGI * CCGIEntry.cpp:300 GetInput1614416144 env.HTTP_ACCEPT : application/xml, text/xml, */*; q=0.01
INFO  2019-06-09 07:32:09,199 CGI * CCGIEntry.cpp:300 GetInput1614416144 env.HTTP_ACCEPT_ENCODING : gzip, deflate
INFO  2019-06-09 07:32:09,199 CGI * CCGIEntry.cpp:300 GetInput1614416144 env.HTTP_ACCEPT_LANGUAGE : zh-CN,zh;q=0.9
INFO  2019-06-09 07:32:09,199 CGI * CCGIEntry.cpp:300 GetInput1614416144 env.HTTP_CONNECTION : keep-alive
INFO  2019-06-09 07:32:09,199 CGI * CCGIEntry.cpp:300 GetInput1614416144 env.HTTP_CONTENT_LENGTH : 22
INFO  2019-06-09 07:32:09,199 CGI * CCGIEntry.cpp:300 GetInput1614416144 env.HTTP_CONTENT_TYPE : application/x-www-form-urlencoded; charset=UTF-8
INFO  2019-06-09 07:32:09,199 CGI * CCGIEntry.cpp:300 GetInput1614416144 env.HTTP_COOKIE : vcdid=15600367284350BA5C32BAE4F41BAA352604DD9455
INFO  2019-06-09 07:32:09,199 CGI * CCGIEntry.cpp:300 GetInput1614416144 env.HTTP_HOST : www.wucar.com.cn
INFO  2019-06-09 07:32:09,199 CGI * CCGIEntry.cpp:300 GetInput1614416144 env.HTTP_ORIGIN : http://www.wucar.com.cn
INFO  2019-06-09 07:32:09,199 CGI * CCGIEntry.cpp:300 GetInput1614416144 env.HTTP_REFERER : http://www.wucar.com.cn/profile.html
INFO  2019-06-09 07:32:09,199 CGI * CCGIEntry.cpp:300 GetInput1614416144 env.HTTP_USER_AGENT : Mozilla/5.0 (Windows NT 10.0; Win64; x64) AppleWebKit/537.36 (KHTML, like Gecko) Chrome/74.0.3729.131 Safari/537.36
INFO  2019-06-09 07:32:09,199 CGI * CCGIEntry.cpp:300 GetInput1614416144 env.HTTP_X_REQUESTED_WITH : XMLHttpRequest
INFO  2019-06-09 07:32:09,199 CGI * CCGIEntry.cpp:300 GetInput1614416144 env.PATH_INFO : 
INFO  2019-06-09 07:32:09,199 CGI * CCGIEntry.cpp:300 GetInput1614416144 env.PATH_TRANSLATED : 
INFO  2019-06-09 07:32:09,199 CGI * CCGIEntry.cpp:300 GetInput1614416144 env.QUERY_STRING : 
INFO  2019-06-09 07:32:09,199 CGI * CCGIEntry.cpp:300 GetInput1614416144 env.REDIRECT_REQUEST : 
INFO  2019-06-09 07:32:09,199 CGI * CCGIEntry.cpp:300 GetInput1614416144 env.REDIRECT_STATUS : 200
INFO  2019-06-09 07:32:09,199 CGI * CCGIEntry.cpp:300 GetInput1614416144 env.REDIRECT_URL : 
INFO  2019-06-09 07:32:09,199 CGI * CCGIEntry.cpp:300 GetInput1614416144 env.REMOTE_ADDR : 223.74.148.240
INFO  2019-06-09 07:32:09,199 CGI * CCGIEntry.cpp:300 GetInput1614416144 env.REMOTE_HOST : 
INFO  2019-06-09 07:32:09,200 CGI * CCGIEntry.cpp:300 GetInput1614416144 env.REMOTE_IDENT : 
INFO  2019-06-09 07:32:09,200 CGI * CCGIEntry.cpp:300 GetInput1614416144 env.REMOTE_PORT : 41926
INFO  2019-06-09 07:32:09,200 CGI * CCGIEntry.cpp:300 GetInput1614416144 env.REMOTE_USER : 
INFO  2019-06-09 07:32:09,200 CGI * CCGIEntry.cpp:300 GetInput1614416144 env.REQUEST_METHOD : POST
INFO  2019-06-09 07:32:09,200 CGI * CCGIEntry.cpp:300 GetInput1614416144 env.REQUEST_SCHEME : http
INFO  2019-06-09 07:32:09,200 CGI * CCGIEntry.cpp:300 GetInput1614416144 env.REQUEST_URI : /cgi/ugw
INFO  2019-06-09 07:32:09,200 CGI * CCGIEntry.cpp:300 GetInput1614416144 env.SCRIPT_FILENAME : /etc/nginx/html/cgi/ugw
INFO  2019-06-09 07:32:09,200 CGI * CCGIEntry.cpp:300 GetInput1614416144 env.SCRIPT_NAME : /cgi/ugw
INFO  2019-06-09 07:32:09,200 CGI * CCGIEntry.cpp:300 GetInput1614416144 env.SERVER_ADDR : 192.168.32.2
INFO  2019-06-09 07:32:09,200 CGI * CCGIEntry.cpp:300 GetInput1614416144 env.SERVER_NAME : www.wucar.com.cn
INFO  2019-06-09 07:32:09,200 CGI * CCGIEntry.cpp:300 GetInput1614416144 env.SERVER_PORT : 80
INFO  2019-06-09 07:32:09,200 CGI * CCGIEntry.cpp:300 GetInput1614416144 env.SERVER_PROTOCOL : HTTP/1.1
INFO  2019-06-09 07:32:09,200 CGI * CCGIEntry.cpp:300 GetInput1614416144 env.SERVER_SOFTWARE : nginx/1.17.0
INFO  2019-06-09 07:32:09,200 CGI * CCGIEntry.cpp:309 GetInput1614416144 _RAW_POST_DATA : tid=mysql&method=udisp
INFO  2019-06-09 07:32:09,200 CGI * CCGIEntry.cpp:320 GetInput1614416144 cookie :vcdid = 15600367284350BA5C32BAE4F41BAA352604DD9455
INFO  2019-06-09 07:32:09,201 CGI * CTransaction_MYSQL.cpp:295 Do1614416144 cookie  sid uid  0
INFO  2019-06-09 07:32:09,201 CGI * CCGIEntry.cpp:816 ValidOutput1614416144 retcode : 1
INFO  2019-06-09 07:32:09,201 CGI * CCGIEntry.cpp:816 ValidOutput1614416144 retmsg : 1
INFO  2019-06-09 07:32:09,245 CGI * CCGIEntry.cpp:272 GetInput1614016140 tid : vcdimg
INFO  2019-06-09 07:32:09,245 CGI * CCGIEntry.cpp:272 GetInput1614016140 rnd : 0
INFO  2019-06-09 07:32:09,245 CGI * CCGIEntry.cpp:300 GetInput1614016140 env.AUTH_TYPE : 
INFO  2019-06-09 07:32:09,245 CGI * CCGIEntry.cpp:300 GetInput1614016140 env.CONTENT_LENGTH : 
INFO  2019-06-09 07:32:09,245 CGI * CCGIEntry.cpp:300 GetInput1614016140 env.CONTENT_TYPE : 
INFO  2019-06-09 07:32:09,245 CGI * CCGIEntry.cpp:300 GetInput1614016140 env.DOCUMENT_ROOT : /etc/nginx/html
INFO  2019-06-09 07:32:09,245 CGI * CCGIEntry.cpp:300 GetInput1614016140 env.DOCUMENT_URI : /cgi/ugw
INFO  2019-06-09 07:32:09,245 CGI * CCGIEntry.cpp:300 GetInput1614016140 env.FCGI_ROLE : RESPONDER
INFO  2019-06-09 07:32:09,245 CGI * CCGIEntry.cpp:300 GetInput1614016140 env.GATEWAY_INTERFACE : CGI/1.1
INFO  2019-06-09 07:32:09,246 CGI * CCGIEntry.cpp:300 GetInput1614016140 env.HTTPS : 
INFO  2019-06-09 07:32:09,246 CGI * CCGIEntry.cpp:300 GetInput1614016140 env.HTTP_ACCEPT : image/webp,image/apng,image/*,*/*;q=0.8
INFO  2019-06-09 07:32:09,246 CGI * CCGIEntry.cpp:300 GetInput1614016140 env.HTTP_ACCEPT_ENCODING : gzip, deflate
INFO  2019-06-09 07:32:09,246 CGI * CCGIEntry.cpp:300 GetInput1614016140 env.HTTP_ACCEPT_LANGUAGE : zh-CN,zh;q=0.9
INFO  2019-06-09 07:32:09,246 CGI * CCGIEntry.cpp:300 GetInput1614016140 env.HTTP_CONNECTION : keep-alive
INFO  2019-06-09 07:32:09,246 CGI * CCGIEntry.cpp:300 GetInput1614016140 env.HTTP_COOKIE : vcdid=15600367284350BA5C32BAE4F41BAA352604DD9455
INFO  2019-06-09 07:32:09,246 CGI * CCGIEntry.cpp:300 GetInput1614016140 env.HTTP_HOST : www.wucar.com.cn
INFO  2019-06-09 07:32:09,246 CGI * CCGIEntry.cpp:300 GetInput1614016140 env.HTTP_REFERER : http://www.wucar.com.cn/profile.html
INFO  2019-06-09 07:32:09,246 CGI * CCGIEntry.cpp:300 GetInput1614016140 env.HTTP_USER_AGENT : Mozilla/5.0 (Windows NT 10.0; Win64; x64) AppleWebKit/537.36 (KHTML, like Gecko) Chrome/74.0.3729.131 Safari/537.36
INFO  2019-06-09 07:32:09,246 CGI * CCGIEntry.cpp:300 GetInput1614016140 env.PATH_INFO : 
INFO  2019-06-09 07:32:09,246 CGI * CCGIEntry.cpp:300 GetInput1614016140 env.PATH_TRANSLATED : 
INFO  2019-06-09 07:32:09,246 CGI * CCGIEntry.cpp:300 GetInput1614016140 env.QUERY_STRING : tid=vcdimg&rnd=0
INFO  2019-06-09 07:32:09,246 CGI * CCGIEntry.cpp:300 GetInput1614016140 env.REDIRECT_REQUEST : 
INFO  2019-06-09 07:32:09,246 CGI * CCGIEntry.cpp:300 GetInput1614016140 env.REDIRECT_STATUS : 200
INFO  2019-06-09 07:32:09,246 CGI * CCGIEntry.cpp:300 GetInput1614016140 env.REDIRECT_URL : 
INFO  2019-06-09 07:32:09,246 CGI * CCGIEntry.cpp:300 GetInput1614016140 env.REMOTE_ADDR : 223.74.148.240
INFO  2019-06-09 07:32:09,246 CGI * CCGIEntry.cpp:300 GetInput1614016140 env.REMOTE_HOST : 
INFO  2019-06-09 07:32:09,246 CGI * CCGIEntry.cpp:300 GetInput1614016140 env.REMOTE_IDENT : 
INFO  2019-06-09 07:32:09,246 CGI * CCGIEntry.cpp:300 GetInput1614016140 env.REMOTE_PORT : 41928
INFO  2019-06-09 07:32:09,246 CGI * CCGIEntry.cpp:300 GetInput1614016140 env.REMOTE_USER : 
INFO  2019-06-09 07:32:09,246 CGI * CCGIEntry.cpp:300 GetInput1614016140 env.REQUEST_METHOD : GET
INFO  2019-06-09 07:32:09,246 CGI * CCGIEntry.cpp:300 GetInput1614016140 env.REQUEST_SCHEME : http
INFO  2019-06-09 07:32:09,246 CGI * CCGIEntry.cpp:300 GetInput1614016140 env.REQUEST_URI : /cgi/ugw?tid=vcdimg&rnd=0
INFO  2019-06-09 07:32:09,246 CGI * CCGIEntry.cpp:300 GetInput1614016140 env.SCRIPT_FILENAME : /etc/nginx/html/cgi/ugw
INFO  2019-06-09 07:32:09,246 CGI * CCGIEntry.cpp:300 GetInput1614016140 env.SCRIPT_NAME : /cgi/ugw
INFO  2019-06-09 07:32:09,246 CGI * CCGIEntry.cpp:300 GetInput1614016140 env.SERVER_ADDR : 192.168.32.2
INFO  2019-06-09 07:32:09,246 CGI * CCGIEntry.cpp:300 GetInput1614016140 env.SERVER_NAME : www.wucar.com.cn
INFO  2019-06-09 07:32:09,246 CGI * CCGIEntry.cpp:300 GetInput1614016140 env.SERVER_PORT : 80
INFO  2019-06-09 07:32:09,247 CGI * CCGIEntry.cpp:300 GetInput1614016140 env.SERVER_PROTOCOL : HTTP/1.1
INFO  2019-06-09 07:32:09,247 CGI * CCGIEntry.cpp:300 GetInput1614016140 env.SERVER_SOFTWARE : nginx/1.17.0
INFO  2019-06-09 07:32:09,247 CGI * CCGIEntry.cpp:320 GetInput1614016140 cookie :vcdid = 15600367284350BA5C32BAE4F41BAA352604DD9455
INFO  2019-06-09 07:32:09,247 CGI * CCGIEntry.cpp:407 CheckFormat1614016140 Notice : [1] Err in MyConfig::CConfigEntry::GetElement rnd   
INFO  2019-06-09 07:32:09,248 CGI * CCGIEntry.cpp:672 DoTranslate1614016140 Notice : [1] Err in MyConfig::CConfigEntry::GetElement rnd   
INFO  2019-06-09 07:32:09,249 CGI * CCGIEntry.cpp:816 ValidOutput1614016140 retcode : 1
INFO  2019-06-09 07:32:09,249 CGI * CCGIEntry.cpp:816 ValidOutput1614016140 retmsg : 1
INFO  2019-06-09 07:32:09,249 CGI * CCGIEntry.cpp:816 ValidOutput1614016140 vcdimg : 1
INFO  2019-06-09 07:32:09,249 CGI * CCGIEntry.cpp:835 ValidOutput1614016140 Notice : [1] Err in MyConfig::CConfigEntry::GetElement vcdimg   
INFO  2019-06-09 07:32:09,249 CGI * CCGIEntry.cpp:816 ValidOutput1614016140 vcdmd5 : 1
INFO  2019-06-09 07:32:09,249 CGI * CCGIEntry.cpp:835 ValidOutput1614016140 Notice : [1] Err in MyConfig::CConfigEntry::GetElement vcdmd5   
INFO  2019-06-09 07:32:09,249 CGI * CCGIEntry.cpp:948 TranslateOutput1614016140 Notice : [1] Err in MyConfig::CConfigEntry::GetElement vcdimg   
INFO  2019-06-09 07:32:09,249 CGI * CCGIEntry.cpp:948 TranslateOutput1614016140 Notice : [1] Err in MyConfig::CConfigEntry::GetElement vcdmd5   
INFO  2019-06-09 07:32:38,230 CGI * CCGIEntry.cpp:272 GetInput1614816148 tid : mysql
INFO  2019-06-09 07:32:38,230 CGI * CCGIEntry.cpp:272 GetInput1614816148 method : ulog
INFO  2019-06-09 07:32:38,230 CGI * CCGIEntry.cpp:272 GetInput1614816148 email : gaoyong@my-soft.net.cn
INFO  2019-06-09 07:32:38,230 CGI * CCGIEntry.cpp:272 GetInput1614816148 pwd : test1234
INFO  2019-06-09 07:32:38,230 CGI * CCGIEntry.cpp:272 GetInput1614816148 vcd : SJA2
INFO  2019-06-09 07:32:38,230 CGI * CCGIEntry.cpp:300 GetInput1614816148 env.AUTH_TYPE : 
INFO  2019-06-09 07:32:38,230 CGI * CCGIEntry.cpp:300 GetInput1614816148 env.CONTENT_LENGTH : 74
INFO  2019-06-09 07:32:38,231 CGI * CCGIEntry.cpp:300 GetInput1614816148 env.CONTENT_TYPE : application/x-www-form-urlencoded; charset=UTF-8
INFO  2019-06-09 07:32:38,231 CGI * CCGIEntry.cpp:300 GetInput1614816148 env.DOCUMENT_ROOT : /etc/nginx/html
INFO  2019-06-09 07:32:38,231 CGI * CCGIEntry.cpp:300 GetInput1614816148 env.DOCUMENT_URI : /cgi/ugw
INFO  2019-06-09 07:32:38,231 CGI * CCGIEntry.cpp:300 GetInput1614816148 env.FCGI_ROLE : RESPONDER
INFO  2019-06-09 07:32:38,231 CGI * CCGIEntry.cpp:300 GetInput1614816148 env.GATEWAY_INTERFACE : CGI/1.1
INFO  2019-06-09 07:32:38,231 CGI * CCGIEntry.cpp:300 GetInput1614816148 env.HTTPS : 
INFO  2019-06-09 07:32:38,231 CGI * CCGIEntry.cpp:300 GetInput1614816148 env.HTTP_ACCEPT : application/xml, text/xml, */*; q=0.01
INFO  2019-06-09 07:32:38,231 CGI * CCGIEntry.cpp:300 GetInput1614816148 env.HTTP_ACCEPT_ENCODING : gzip, deflate
INFO  2019-06-09 07:32:38,231 CGI * CCGIEntry.cpp:300 GetInput1614816148 env.HTTP_ACCEPT_LANGUAGE : zh-CN,zh;q=0.9
INFO  2019-06-09 07:32:38,231 CGI * CCGIEntry.cpp:300 GetInput1614816148 env.HTTP_CONNECTION : keep-alive
INFO  2019-06-09 07:32:38,231 CGI * CCGIEntry.cpp:300 GetInput1614816148 env.HTTP_CONTENT_LENGTH : 74
INFO  2019-06-09 07:32:38,231 CGI * CCGIEntry.cpp:300 GetInput1614816148 env.HTTP_CONTENT_TYPE : application/x-www-form-urlencoded; charset=UTF-8
INFO  2019-06-09 07:32:38,231 CGI * CCGIEntry.cpp:300 GetInput1614816148 env.HTTP_COOKIE : vcdid=15600367299A6FE7B40315CA8CCD9C108C6AB943E9
INFO  2019-06-09 07:32:38,231 CGI * CCGIEntry.cpp:300 GetInput1614816148 env.HTTP_HOST : www.wucar.com.cn
INFO  2019-06-09 07:32:38,231 CGI * CCGIEntry.cpp:300 GetInput1614816148 env.HTTP_ORIGIN : http://www.wucar.com.cn
INFO  2019-06-09 07:32:38,231 CGI * CCGIEntry.cpp:300 GetInput1614816148 env.HTTP_REFERER : http://www.wucar.com.cn/profile.html
INFO  2019-06-09 07:32:38,231 CGI * CCGIEntry.cpp:300 GetInput1614816148 env.HTTP_USER_AGENT : Mozilla/5.0 (Windows NT 10.0; Win64; x64) AppleWebKit/537.36 (KHTML, like Gecko) Chrome/74.0.3729.131 Safari/537.36
INFO  2019-06-09 07:32:38,231 CGI * CCGIEntry.cpp:300 GetInput1614816148 env.HTTP_X_REQUESTED_WITH : XMLHttpRequest
INFO  2019-06-09 07:32:38,231 CGI * CCGIEntry.cpp:300 GetInput1614816148 env.PATH_INFO : 
INFO  2019-06-09 07:32:38,231 CGI * CCGIEntry.cpp:300 GetInput1614816148 env.PATH_TRANSLATED : 
INFO  2019-06-09 07:32:38,231 CGI * CCGIEntry.cpp:300 GetInput1614816148 env.QUERY_STRING : 
INFO  2019-06-09 07:32:38,231 CGI * CCGIEntry.cpp:300 GetInput1614816148 env.REDIRECT_REQUEST : 
INFO  2019-06-09 07:32:38,231 CGI * CCGIEntry.cpp:300 GetInput1614816148 env.REDIRECT_STATUS : 200
INFO  2019-06-09 07:32:38,231 CGI * CCGIEntry.cpp:300 GetInput1614816148 env.REDIRECT_URL : 
INFO  2019-06-09 07:32:38,231 CGI * CCGIEntry.cpp:300 GetInput1614816148 env.REMOTE_ADDR : 223.74.148.240
INFO  2019-06-09 07:32:38,231 CGI * CCGIEntry.cpp:300 GetInput1614816148 env.REMOTE_HOST : 
INFO  2019-06-09 07:32:38,232 CGI * CCGIEntry.cpp:300 GetInput1614816148 env.REMOTE_IDENT : 
INFO  2019-06-09 07:32:38,232 CGI * CCGIEntry.cpp:300 GetInput1614816148 env.REMOTE_PORT : 41918
INFO  2019-06-09 07:32:38,232 CGI * CCGIEntry.cpp:300 GetInput1614816148 env.REMOTE_USER : 
INFO  2019-06-09 07:32:38,232 CGI * CCGIEntry.cpp:300 GetInput1614816148 env.REQUEST_METHOD : POST
INFO  2019-06-09 07:32:38,232 CGI * CCGIEntry.cpp:300 GetInput1614816148 env.REQUEST_SCHEME : http
INFO  2019-06-09 07:32:38,232 CGI * CCGIEntry.cpp:300 GetInput1614816148 env.REQUEST_URI : /cgi/ugw
INFO  2019-06-09 07:32:38,232 CGI * CCGIEntry.cpp:300 GetInput1614816148 env.SCRIPT_FILENAME : /etc/nginx/html/cgi/ugw
INFO  2019-06-09 07:32:38,232 CGI * CCGIEntry.cpp:300 GetInput1614816148 env.SCRIPT_NAME : /cgi/ugw
INFO  2019-06-09 07:32:38,232 CGI * CCGIEntry.cpp:300 GetInput1614816148 env.SERVER_ADDR : 192.168.32.2
INFO  2019-06-09 07:32:38,232 CGI * CCGIEntry.cpp:300 GetInput1614816148 env.SERVER_NAME : www.wucar.com.cn
INFO  2019-06-09 07:32:38,232 CGI * CCGIEntry.cpp:300 GetInput1614816148 env.SERVER_PORT : 80
INFO  2019-06-09 07:32:38,232 CGI * CCGIEntry.cpp:300 GetInput1614816148 env.SERVER_PROTOCOL : HTTP/1.1
INFO  2019-06-09 07:32:38,232 CGI * CCGIEntry.cpp:300 GetInput1614816148 env.SERVER_SOFTWARE : nginx/1.17.0
INFO  2019-06-09 07:32:38,232 CGI * CCGIEntry.cpp:309 GetInput1614816148 _RAW_POST_DATA : tid=mysql&method=ulog&email=gaoyong%40my-soft.net.cn&pwd=test1234&vcd=SJA2
INFO  2019-06-09 07:32:38,232 CGI * CCGIEntry.cpp:320 GetInput1614816148 cookie :vcdid = 15600367299A6FE7B40315CA8CCD9C108C6AB943E9
INFO  2019-06-09 07:32:38,232 CGI * CCGIEntry.cpp:407 CheckFormat1614816148 Notice : [1] Err in MyConfig::CConfigEntry::GetElement email   
INFO  2019-06-09 07:32:38,233 CGI * CCGIEntry.cpp:407 CheckFormat1614816148 Notice : [1] Err in MyConfig::CConfigEntry::GetElement pwd   
INFO  2019-06-09 07:32:38,233 CGI * CCGIEntry.cpp:407 CheckFormat1614816148 Notice : [1] Err in MyConfig::CConfigEntry::GetElement vcd   
INFO  2019-06-09 07:32:38,233 CGI * CCGIEntry.cpp:672 DoTranslate1614816148 Notice : [1] Err in MyConfig::CConfigEntry::GetElement email   
INFO  2019-06-09 07:32:38,233 CGI * CCGIEntry.cpp:672 DoTranslate1614816148 Notice : [1] Err in MyConfig::CConfigEntry::GetElement pwd   
INFO  2019-06-09 07:32:38,233 CGI * CCGIEntry.cpp:672 DoTranslate1614816148 Notice : [1] Err in MyConfig::CConfigEntry::GetElement vcd   
INFO  2019-06-09 07:32:38,350 CGI * CCGIEntry.cpp:816 ValidOutput1614816148 retcode : 3
INFO  2019-06-09 07:32:38,350 CGI * CCGIEntry.cpp:903 ValidOutput1614816148 retcode Error Format 
INFO  2019-06-09 07:32:42,052 CGI * CCGIEntry.cpp:272 GetInput1614116141 tid : mysql
INFO  2019-06-09 07:32:42,053 CGI * CCGIEntry.cpp:272 GetInput1614116141 method : ulog
INFO  2019-06-09 07:32:42,053 CGI * CCGIEntry.cpp:272 GetInput1614116141 email : gaoyong@my-soft.net.cn
INFO  2019-06-09 07:32:42,053 CGI * CCGIEntry.cpp:272 GetInput1614116141 pwd : test1234
INFO  2019-06-09 07:32:42,053 CGI * CCGIEntry.cpp:272 GetInput1614116141 vcd : SJA2
INFO  2019-06-09 07:32:42,053 CGI * CCGIEntry.cpp:300 GetInput1614116141 env.AUTH_TYPE : 
INFO  2019-06-09 07:32:42,053 CGI * CCGIEntry.cpp:300 GetInput1614116141 env.CONTENT_LENGTH : 74
INFO  2019-06-09 07:32:42,053 CGI * CCGIEntry.cpp:300 GetInput1614116141 env.CONTENT_TYPE : application/x-www-form-urlencoded; charset=UTF-8
INFO  2019-06-09 07:32:42,053 CGI * CCGIEntry.cpp:300 GetInput1614116141 env.DOCUMENT_ROOT : /etc/nginx/html
INFO  2019-06-09 07:32:42,053 CGI * CCGIEntry.cpp:300 GetInput1614116141 env.DOCUMENT_URI : /cgi/ugw
INFO  2019-06-09 07:32:42,053 CGI * CCGIEntry.cpp:300 GetInput1614116141 env.FCGI_ROLE : RESPONDER
INFO  2019-06-09 07:32:42,053 CGI * CCGIEntry.cpp:300 GetInput1614116141 env.GATEWAY_INTERFACE : CGI/1.1
INFO  2019-06-09 07:32:42,053 CGI * CCGIEntry.cpp:300 GetInput1614116141 env.HTTPS : 
INFO  2019-06-09 07:32:42,053 CGI * CCGIEntry.cpp:300 GetInput1614116141 env.HTTP_ACCEPT : application/xml, text/xml, */*; q=0.01
INFO  2019-06-09 07:32:42,053 CGI * CCGIEntry.cpp:300 GetInput1614116141 env.HTTP_ACCEPT_ENCODING : gzip, deflate
INFO  2019-06-09 07:32:42,053 CGI * CCGIEntry.cpp:300 GetInput1614116141 env.HTTP_ACCEPT_LANGUAGE : zh-CN,zh;q=0.9
INFO  2019-06-09 07:32:42,053 CGI * CCGIEntry.cpp:300 GetInput1614116141 env.HTTP_CONNECTION : keep-alive
INFO  2019-06-09 07:32:42,053 CGI * CCGIEntry.cpp:300 GetInput1614116141 env.HTTP_CONTENT_LENGTH : 74
INFO  2019-06-09 07:32:42,053 CGI * CCGIEntry.cpp:300 GetInput1614116141 env.HTTP_CONTENT_TYPE : application/x-www-form-urlencoded; charset=UTF-8
INFO  2019-06-09 07:32:42,053 CGI * CCGIEntry.cpp:300 GetInput1614116141 env.HTTP_COOKIE : vcdid=15600367299A6FE7B40315CA8CCD9C108C6AB943E9
INFO  2019-06-09 07:32:42,053 CGI * CCGIEntry.cpp:300 GetInput1614116141 env.HTTP_HOST : www.wucar.com.cn
INFO  2019-06-09 07:32:42,053 CGI * CCGIEntry.cpp:300 GetInput1614116141 env.HTTP_ORIGIN : http://www.wucar.com.cn
INFO  2019-06-09 07:32:42,053 CGI * CCGIEntry.cpp:300 GetInput1614116141 env.HTTP_REFERER : http://www.wucar.com.cn/profile.html
INFO  2019-06-09 07:32:42,053 CGI * CCGIEntry.cpp:300 GetInput1614116141 env.HTTP_USER_AGENT : Mozilla/5.0 (Windows NT 10.0; Win64; x64) AppleWebKit/537.36 (KHTML, like Gecko) Chrome/74.0.3729.131 Safari/537.36
INFO  2019-06-09 07:32:42,053 CGI * CCGIEntry.cpp:300 GetInput1614116141 env.HTTP_X_REQUESTED_WITH : XMLHttpRequest
INFO  2019-06-09 07:32:42,053 CGI * CCGIEntry.cpp:300 GetInput1614116141 env.PATH_INFO : 
INFO  2019-06-09 07:32:42,054 CGI * CCGIEntry.cpp:300 GetInput1614116141 env.PATH_TRANSLATED : 
INFO  2019-06-09 07:32:42,054 CGI * CCGIEntry.cpp:300 GetInput1614116141 env.QUERY_STRING : 
INFO  2019-06-09 07:32:42,054 CGI * CCGIEntry.cpp:300 GetInput1614116141 env.REDIRECT_REQUEST : 
INFO  2019-06-09 07:32:42,054 CGI * CCGIEntry.cpp:300 GetInput1614116141 env.REDIRECT_STATUS : 200
INFO  2019-06-09 07:32:42,054 CGI * CCGIEntry.cpp:300 GetInput1614116141 env.REDIRECT_URL : 
INFO  2019-06-09 07:32:42,054 CGI * CCGIEntry.cpp:300 GetInput1614116141 env.REMOTE_ADDR : 223.74.148.240
INFO  2019-06-09 07:32:42,054 CGI * CCGIEntry.cpp:300 GetInput1614116141 env.REMOTE_HOST : 
INFO  2019-06-09 07:32:42,054 CGI * CCGIEntry.cpp:300 GetInput1614116141 env.REMOTE_IDENT : 
INFO  2019-06-09 07:32:42,054 CGI * CCGIEntry.cpp:300 GetInput1614116141 env.REMOTE_PORT : 41918
INFO  2019-06-09 07:32:42,054 CGI * CCGIEntry.cpp:300 GetInput1614116141 env.REMOTE_USER : 
INFO  2019-06-09 07:32:42,054 CGI * CCGIEntry.cpp:300 GetInput1614116141 env.REQUEST_METHOD : POST
INFO  2019-06-09 07:32:42,054 CGI * CCGIEntry.cpp:300 GetInput1614116141 env.REQUEST_SCHEME : http
INFO  2019-06-09 07:32:42,054 CGI * CCGIEntry.cpp:300 GetInput1614116141 env.REQUEST_URI : /cgi/ugw
INFO  2019-06-09 07:32:42,054 CGI * CCGIEntry.cpp:300 GetInput1614116141 env.SCRIPT_FILENAME : /etc/nginx/html/cgi/ugw
INFO  2019-06-09 07:32:42,054 CGI * CCGIEntry.cpp:300 GetInput1614116141 env.SCRIPT_NAME : /cgi/ugw
INFO  2019-06-09 07:32:42,054 CGI * CCGIEntry.cpp:300 GetInput1614116141 env.SERVER_ADDR : 192.168.32.2
INFO  2019-06-09 07:32:42,054 CGI * CCGIEntry.cpp:300 GetInput1614116141 env.SERVER_NAME : www.wucar.com.cn
INFO  2019-06-09 07:32:42,054 CGI * CCGIEntry.cpp:300 GetInput1614116141 env.SERVER_PORT : 80
INFO  2019-06-09 07:32:42,054 CGI * CCGIEntry.cpp:300 GetInput1614116141 env.SERVER_PROTOCOL : HTTP/1.1
INFO  2019-06-09 07:32:42,054 CGI * CCGIEntry.cpp:300 GetInput1614116141 env.SERVER_SOFTWARE : nginx/1.17.0
INFO  2019-06-09 07:32:42,054 CGI * CCGIEntry.cpp:309 GetInput1614116141 _RAW_POST_DATA : tid=mysql&method=ulog&email=gaoyong%40my-soft.net.cn&pwd=test1234&vcd=SJA2
INFO  2019-06-09 07:32:42,054 CGI * CCGIEntry.cpp:320 GetInput1614116141 cookie :vcdid = 15600367299A6FE7B40315CA8CCD9C108C6AB943E9
INFO  2019-06-09 07:32:42,055 CGI * CCGIEntry.cpp:407 CheckFormat1614116141 Notice : [1] Err in MyConfig::CConfigEntry::GetElement email   
INFO  2019-06-09 07:32:42,055 CGI * CCGIEntry.cpp:407 CheckFormat1614116141 Notice : [1] Err in MyConfig::CConfigEntry::GetElement pwd   
INFO  2019-06-09 07:32:42,056 CGI * CCGIEntry.cpp:407 CheckFormat1614116141 Notice : [1] Err in MyConfig::CConfigEntry::GetElement vcd   
INFO  2019-06-09 07:32:42,056 CGI * CCGIEntry.cpp:672 DoTranslate1614116141 Notice : [1] Err in MyConfig::CConfigEntry::GetElement email   
INFO  2019-06-09 07:32:42,056 CGI * CCGIEntry.cpp:672 DoTranslate1614116141 Notice : [1] Err in MyConfig::CConfigEntry::GetElement pwd   
INFO  2019-06-09 07:32:42,056 CGI * CCGIEntry.cpp:672 DoTranslate1614116141 Notice : [1] Err in MyConfig::CConfigEntry::GetElement vcd   
INFO  2019-06-09 07:32:42,058 CGI * CCGIEntry.cpp:816 ValidOutput1614116141 retcode : 3
INFO  2019-06-09 07:32:42,058 CGI * CCGIEntry.cpp:903 ValidOutput1614116141 retcode Error Format 
